<?xml version="1.0" encoding="UTF-8"?>
<testng-results ignored="0" total="1" passed="1" failed="0" skipped="0">
  <reporter-output>
  </reporter-output>
  <suite started-at="2021-03-04T14:22:47 CST" name="Default suite" finished-at="2021-03-04T14:22:57 CST" duration-ms="9536">
    <groups>
    </groups>
    <test started-at="2021-03-04T14:22:47 CST" name="Default test" finished-at="2021-03-04T14:22:57 CST" duration-ms="9536">
      <class name="tests.Test1">
        <test-method signature="searchCars()[pri:0, instance:tests.Test1@6e509ffa]" started-at="2021-03-04T14:22:47 CST" name="searchCars" finished-at="2021-03-04T14:22:57 CST" duration-ms="9510" status="PASS">
          <reporter-output>
          </reporter-output>
        </test-method> <!-- searchCars -->
      </class> <!-- tests.Test1 -->
    </test> <!-- Default test -->
  </suite> <!-- Default suite -->
</testng-results>
